[debug] [2024-05-14T17:42:48.844Z] ----------------------------------------------------------------------
[debug] [2024-05-14T17:42:48.846Z] Command:       /opt/homebrew/Cellar/node/22.0.0/bin/node /opt/homebrew/bin/firebase init
[debug] [2024-05-14T17:42:48.846Z] CLI Version:   13.8.3
[debug] [2024-05-14T17:42:48.846Z] Platform:      darwin
[debug] [2024-05-14T17:42:48.846Z] Node Version:  v22.0.0
[debug] [2024-05-14T17:42:48.847Z] Time:          Tue May 14 2024 14:42:48 GMT-0300 (Brasilia Standard Time)
[debug] [2024-05-14T17:42:48.847Z] ----------------------------------------------------------------------
[debug] 
[debug] [2024-05-14T17:42:48.850Z] > command requires scopes: ["email","openid","https://www.googleapis.com/auth/cloudplatformprojects.readonly","https://www.googleapis.com/auth/firebase","https://www.googleapis.com/auth/cloud-platform"]
[debug] [2024-05-14T17:42:48.851Z] > authorizing via signed-in user (joaoreboucas.dev@gmail.com)
[info] 
     ######## #### ########  ######## ########     ###     ######  ########
     ##        ##  ##     ## ##       ##     ##  ##   ##  ##       ##
     ######    ##  ########  ######   ########  #########  ######  ######
     ##        ##  ##    ##  ##       ##     ## ##     ##       ## ##
     ##       #### ##     ## ######## ########  ##     ##  ######  ########

You're about to initialize a Firebase project in this directory:

  /Users/joao/Documents/workspace/web/superchat

[info] 
=== Project Setup
[info] 
[info] First, let's associate this project directory with a Firebase project.
[info] You can create multiple project aliases by running firebase use --add, 
[info] but for now we'll just set up a default project.
[info] 
[debug] [2024-05-14T17:43:33.738Z] >>> [apiv2][query] GET https://firebase.googleapis.com/v1beta1/projects pageSize=100
[debug] [2024-05-14T17:43:34.634Z] <<< [apiv2][status] GET https://firebase.googleapis.com/v1beta1/projects 200
[debug] [2024-05-14T17:43:34.634Z] <<< [apiv2][body] GET https://firebase.googleapis.com/v1beta1/projects [omitted]
[info] i  Using project superchat-6aac4 (superchat) 
[info] 
=== Database Setup
[info] i  database: ensuring required API firebasedatabase.googleapis.com is enabled... 
[debug] [2024-05-14T17:43:40.737Z] >>> [apiv2][query] GET https://serviceusage.googleapis.com/v1/projects/superchat-6aac4/services/firebasedatabase.googleapis.com [none]
[debug] [2024-05-14T17:43:40.737Z] >>> [apiv2][(partial)header] GET https://serviceusage.googleapis.com/v1/projects/superchat-6aac4/services/firebasedatabase.googleapis.com x-goog-quota-user=projects/superchat-6aac4
[debug] [2024-05-14T17:43:42.028Z] <<< [apiv2][status] GET https://serviceusage.googleapis.com/v1/projects/superchat-6aac4/services/firebasedatabase.googleapis.com 200
[debug] [2024-05-14T17:43:42.028Z] <<< [apiv2][body] GET https://serviceusage.googleapis.com/v1/projects/superchat-6aac4/services/firebasedatabase.googleapis.com [omitted]
[warn] ⚠  database: missing required API firebasedatabase.googleapis.com. Enabling now... 
[debug] [2024-05-14T17:43:42.030Z] >>> [apiv2][query] POST https://serviceusage.googleapis.com/v1/projects/superchat-6aac4/services/firebasedatabase.googleapis.com:enable [none]
[debug] [2024-05-14T17:43:42.030Z] >>> [apiv2][(partial)header] POST https://serviceusage.googleapis.com/v1/projects/superchat-6aac4/services/firebasedatabase.googleapis.com:enable x-goog-quota-user=projects/superchat-6aac4
[debug] [2024-05-14T17:43:43.295Z] <<< [apiv2][status] POST https://serviceusage.googleapis.com/v1/projects/superchat-6aac4/services/firebasedatabase.googleapis.com:enable 200
[debug] [2024-05-14T17:43:43.295Z] <<< [apiv2][body] POST https://serviceusage.googleapis.com/v1/projects/superchat-6aac4/services/firebasedatabase.googleapis.com:enable [omitted]
[debug] [2024-05-14T17:43:53.298Z] >>> [apiv2][query] GET https://serviceusage.googleapis.com/v1/projects/superchat-6aac4/services/firebasedatabase.googleapis.com [none]
[debug] [2024-05-14T17:43:53.299Z] >>> [apiv2][(partial)header] GET https://serviceusage.googleapis.com/v1/projects/superchat-6aac4/services/firebasedatabase.googleapis.com x-goog-quota-user=projects/superchat-6aac4
[debug] [2024-05-14T17:43:54.494Z] <<< [apiv2][status] GET https://serviceusage.googleapis.com/v1/projects/superchat-6aac4/services/firebasedatabase.googleapis.com 200
[debug] [2024-05-14T17:43:54.494Z] <<< [apiv2][body] GET https://serviceusage.googleapis.com/v1/projects/superchat-6aac4/services/firebasedatabase.googleapis.com [omitted]
[info] ✔  database: required API firebasedatabase.googleapis.com is enabled 
[info] 
[debug] [2024-05-14T17:43:54.498Z] >>> [apiv2][query] GET https://firebase.googleapis.com/v1beta1/projects/superchat-6aac4 [none]
[debug] [2024-05-14T17:43:55.106Z] <<< [apiv2][status] GET https://firebase.googleapis.com/v1beta1/projects/superchat-6aac4 200
[debug] [2024-05-14T17:43:55.106Z] <<< [apiv2][body] GET https://firebase.googleapis.com/v1beta1/projects/superchat-6aac4 {"projectId":"superchat-6aac4","projectNumber":"583774042586","displayName":"superchat","name":"projects/superchat-6aac4","resources":{"hostingSite":"superchat-6aac4"},"state":"ACTIVE","etag":"1_b63cbe5d-0e47-4175-955c-c171b5c59111"}
[debug] [2024-05-14T17:44:05.163Z] >>> [apiv2][query] POST https://firebasedatabase.googleapis.com/v1beta/projects/superchat-6aac4/locations/europe-west1/instances databaseId=superchat-6aac4-default-rtdb&validateOnly=true
[debug] [2024-05-14T17:44:05.164Z] >>> [apiv2][body] POST https://firebasedatabase.googleapis.com/v1beta/projects/superchat-6aac4/locations/europe-west1/instances {"type":"default_database"}
[debug] [2024-05-14T17:44:06.576Z] <<< [apiv2][status] POST https://firebasedatabase.googleapis.com/v1beta/projects/superchat-6aac4/locations/europe-west1/instances 200
[debug] [2024-05-14T17:44:06.576Z] <<< [apiv2][body] POST https://firebasedatabase.googleapis.com/v1beta/projects/superchat-6aac4/locations/europe-west1/instances {"name":"projects/583774042586/locations/europe-west1/instances/superchat-6aac4-default-rtdb","project":"projects/583774042586","databaseUrl":"https://superchat-6aac4-default-rtdb.europe-west1.firebasedatabase.app","type":"DEFAULT_DATABASE","state":"ACTIVE"}
[debug] [2024-05-14T17:44:06.579Z] >>> [apiv2][query] POST https://firebasedatabase.googleapis.com/v1beta/projects/superchat-6aac4/locations/europe-west1/instances databaseId=superchat-6aac4-default-rtdb
[debug] [2024-05-14T17:44:06.579Z] >>> [apiv2][body] POST https://firebasedatabase.googleapis.com/v1beta/projects/superchat-6aac4/locations/europe-west1/instances {"type":"default_database"}
[debug] [2024-05-14T17:44:07.189Z] <<< [apiv2][status] POST https://firebasedatabase.googleapis.com/v1beta/projects/superchat-6aac4/locations/europe-west1/instances 200
[debug] [2024-05-14T17:44:07.189Z] <<< [apiv2][body] POST https://firebasedatabase.googleapis.com/v1beta/projects/superchat-6aac4/locations/europe-west1/instances {"name":"projects/583774042586/locations/europe-west1/instances/superchat-6aac4-default-rtdb","project":"projects/583774042586","databaseUrl":"https://superchat-6aac4-default-rtdb.europe-west1.firebasedatabase.app","type":"DEFAULT_DATABASE","state":"ACTIVE"}
[info] 
[info] Firebase Realtime Database Security Rules allow you to define how your data should be
[info] structured and when your data can be read from and written to.
[info] 
[debug] [2024-05-14T17:44:11.663Z] >>> [apiv2][query] GET https://superchat-6aac4-default-rtdb.europe-west1.firebasedatabase.app/.settings/rules.json [none]
[debug] [2024-05-14T17:44:13.436Z] <<< [apiv2][status] GET https://superchat-6aac4-default-rtdb.europe-west1.firebasedatabase.app/.settings/rules.json 200
[debug] [2024-05-14T17:44:13.437Z] <<< [apiv2][body] GET https://superchat-6aac4-default-rtdb.europe-west1.firebasedatabase.app/.settings/rules.json [stream]
[info] ✔  Database Rules for superchat-6aac4-default-rtdb have been written to database.rules.json. 
[info] Future modifications to database.rules.json will update Realtime Database Security Rules when you run
[info] firebase deploy.
[info] 
=== Firestore Setup
[debug] [2024-05-14T17:44:13.441Z] >>> [apiv2][query] GET https://serviceusage.googleapis.com/v1/projects/superchat-6aac4/services/firestore.googleapis.com [none]
[debug] [2024-05-14T17:44:13.441Z] >>> [apiv2][(partial)header] GET https://serviceusage.googleapis.com/v1/projects/superchat-6aac4/services/firestore.googleapis.com x-goog-quota-user=projects/superchat-6aac4
[debug] [2024-05-14T17:44:14.652Z] <<< [apiv2][status] GET https://serviceusage.googleapis.com/v1/projects/superchat-6aac4/services/firestore.googleapis.com 200
[debug] [2024-05-14T17:44:14.652Z] <<< [apiv2][body] GET https://serviceusage.googleapis.com/v1/projects/superchat-6aac4/services/firestore.googleapis.com [omitted]
[debug] [2024-05-14T17:44:14.652Z] >>> [apiv2][query] GET https://firestore.googleapis.com/v1/projects/superchat-6aac4/databases/(default) [none]
[debug] [2024-05-14T17:44:15.772Z] <<< [apiv2][status] GET https://firestore.googleapis.com/v1/projects/superchat-6aac4/databases/(default) 200
[debug] [2024-05-14T17:44:15.772Z] <<< [apiv2][body] GET https://firestore.googleapis.com/v1/projects/superchat-6aac4/databases/(default) {"name":"projects/superchat-6aac4/databases/(default)","uid":"01bc75f3-15bd-40aa-acce-f4ba3ec165ab","createTime":"2024-05-14T17:35:41.089186Z","updateTime":"2024-05-14T17:35:41.089186Z","locationId":"nam5","type":"FIRESTORE_NATIVE","concurrencyMode":"PESSIMISTIC","versionRetentionPeriod":"3600s","earliestVersionTime":"2024-05-14T17:35:41.089186Z","appEngineIntegrationMode":"DISABLED","keyPrefix":"s","pointInTimeRecoveryEnablement":"POINT_IN_TIME_RECOVERY_DISABLED","deleteProtectionState":"DELETE_PROTECTION_DISABLED","etag":"IIzm3efYjYYDMKLjpvLWjYYD"}
[debug] [2024-05-14T17:44:15.772Z] database_type: FIRESTORE_NATIVE
[debug] [2024-05-14T17:44:15.773Z] > command requires scopes: ["email","openid","https://www.googleapis.com/auth/cloudplatformprojects.readonly","https://www.googleapis.com/auth/firebase","https://www.googleapis.com/auth/cloud-platform"]
[debug] [2024-05-14T17:44:15.774Z] > authorizing via signed-in user (joaoreboucas.dev@gmail.com)
[debug] [2024-05-14T17:44:15.774Z] [iam] checking project superchat-6aac4 for permissions ["firebase.projects.get"]
[debug] [2024-05-14T17:44:15.774Z] >>> [apiv2][query] POST https://cloudresourcemanager.googleapis.com/v1/projects/superchat-6aac4:testIamPermissions [none]
[debug] [2024-05-14T17:44:15.775Z] >>> [apiv2][(partial)header] POST https://cloudresourcemanager.googleapis.com/v1/projects/superchat-6aac4:testIamPermissions x-goog-quota-user=projects/superchat-6aac4
[debug] [2024-05-14T17:44:15.775Z] >>> [apiv2][body] POST https://cloudresourcemanager.googleapis.com/v1/projects/superchat-6aac4:testIamPermissions {"permissions":["firebase.projects.get"]}
[debug] [2024-05-14T17:44:16.880Z] <<< [apiv2][status] POST https://cloudresourcemanager.googleapis.com/v1/projects/superchat-6aac4:testIamPermissions 200
[debug] [2024-05-14T17:44:16.881Z] <<< [apiv2][body] POST https://cloudresourcemanager.googleapis.com/v1/projects/superchat-6aac4:testIamPermissions {"permissions":["firebase.projects.get"]}
[info] 
[info] Firestore Security Rules allow you to define how and when to allow
[info] requests. You can keep these rules in your project directory
[info] and publish them with firebase deploy.
[info] 
[debug] [2024-05-14T17:44:19.034Z] >>> [apiv2][query] GET https://firebaserules.googleapis.com/v1/projects/superchat-6aac4/releases pageSize=10&pageToken=
[debug] [2024-05-14T17:44:20.315Z] <<< [apiv2][status] GET https://firebaserules.googleapis.com/v1/projects/superchat-6aac4/releases 200
[debug] [2024-05-14T17:44:20.316Z] <<< [apiv2][body] GET https://firebaserules.googleapis.com/v1/projects/superchat-6aac4/releases {"releases":[{"name":"projects/superchat-6aac4/releases/cloud.firestore","rulesetName":"projects/superchat-6aac4/rulesets/235c7666-8364-4b3a-b204-83c8ea5268f0","createTime":"2024-05-14T17:35:47.119500Z","updateTime":"2024-05-14T17:35:47.119500Z"}]}
[debug] [2024-05-14T17:44:20.316Z] Found ruleset: projects/superchat-6aac4/rulesets/235c7666-8364-4b3a-b204-83c8ea5268f0
[debug] [2024-05-14T17:44:20.317Z] >>> [apiv2][query] GET https://firebaserules.googleapis.com/v1/projects/superchat-6aac4/rulesets/235c7666-8364-4b3a-b204-83c8ea5268f0 [none]
[debug] [2024-05-14T17:44:21.298Z] <<< [apiv2][status] GET https://firebaserules.googleapis.com/v1/projects/superchat-6aac4/rulesets/235c7666-8364-4b3a-b204-83c8ea5268f0 200
[debug] [2024-05-14T17:44:21.299Z] <<< [apiv2][body] GET https://firebaserules.googleapis.com/v1/projects/superchat-6aac4/rulesets/235c7666-8364-4b3a-b204-83c8ea5268f0 [omitted]
[info] 
[info] Firestore indexes allow you to perform complex queries while
[info] maintaining performance that scales with the size of the result
[info] set. You can keep index definitions in your project directory
[info] and publish them with firebase deploy.
[info] 
[debug] [2024-05-14T17:44:23.744Z] >>> [apiv2][query] GET https://firestore.googleapis.com/v1/projects/superchat-6aac4/databases/(default)/collectionGroups/-/indexes [none]
[debug] [2024-05-14T17:44:23.746Z] >>> [apiv2][query] GET https://firestore.googleapis.com/v1/projects/superchat-6aac4/databases/(default)/collectionGroups/-/fields?filter=indexConfig.usesAncestorConfig=false OR ttlConfig:* [none]
[debug] [2024-05-14T17:44:24.821Z] <<< [apiv2][status] GET https://firestore.googleapis.com/v1/projects/superchat-6aac4/databases/(default)/collectionGroups/-/indexes 200
[debug] [2024-05-14T17:44:24.821Z] <<< [apiv2][body] GET https://firestore.googleapis.com/v1/projects/superchat-6aac4/databases/(default)/collectionGroups/-/indexes {}
[debug] [2024-05-14T17:44:25.212Z] <<< [apiv2][status] GET https://firestore.googleapis.com/v1/projects/superchat-6aac4/databases/(default)/collectionGroups/-/fields?filter=indexConfig.usesAncestorConfig=false OR ttlConfig:* 200
[debug] [2024-05-14T17:44:25.212Z] <<< [apiv2][body] GET https://firestore.googleapis.com/v1/projects/superchat-6aac4/databases/(default)/collectionGroups/-/fields?filter=indexConfig.usesAncestorConfig=false OR ttlConfig:* {"fields":[{"name":"projects/superchat-6aac4/databases/(default)/collectionGroups/__default__/fields/*","indexConfig":{"indexes":[{"queryScope":"COLLECTION","fields":[{"fieldPath":"*","order":"ASCENDING"}],"state":"READY"},{"queryScope":"COLLECTION","fields":[{"fieldPath":"*","order":"DESCENDING"}],"state":"READY"},{"queryScope":"COLLECTION","fields":[{"fieldPath":"*","arrayConfig":"CONTAINS"}],"state":"READY"}]}}]}
[info] 
=== Hosting Setup
[debug] [2024-05-14T17:44:25.216Z] >>> [apiv2][query] GET https://firebase.googleapis.com/v1beta1/projects/superchat-6aac4 [none]
[debug] [2024-05-14T17:44:25.730Z] <<< [apiv2][status] GET https://firebase.googleapis.com/v1beta1/projects/superchat-6aac4 200
[debug] [2024-05-14T17:44:25.731Z] <<< [apiv2][body] GET https://firebase.googleapis.com/v1beta1/projects/superchat-6aac4 {"projectId":"superchat-6aac4","projectNumber":"583774042586","displayName":"superchat","name":"projects/superchat-6aac4","resources":{"hostingSite":"superchat-6aac4","realtimeDatabaseInstance":"superchat-6aac4-default-rtdb"},"state":"ACTIVE","etag":"1_b63cbe5d-0e47-4175-955c-c171b5c59111"}
[info] 
[info] Your public directory is the folder (relative to your project directory) that
[info] will contain Hosting assets to be uploaded with firebase deploy. If you
[info] have a build process for your assets, use your build's output directory.
[info] 
[debug] [2024-05-14T17:44:37.505Z] >>> [apiv2][query] GET https://www.gstatic.com/firebasejs/releases.json [none]
[debug] [2024-05-14T17:44:37.816Z] <<< [apiv2][status] GET https://www.gstatic.com/firebasejs/releases.json 200
[debug] [2024-05-14T17:44:37.816Z] <<< [apiv2][body] GET https://www.gstatic.com/firebasejs/releases.json {"current":{"version":"10.12.0","browserURL":"https://www.gstatic.com/firebasejs/10.12.0/firebase.js","packageURL":"https://www.gstatic.com/firebasejs/10.12.0/firebase.tgz"},"live":{"version":"10.12","browserURL":"https://www.gstatic.com/firebasejs/live/10.12/firebase.js","packageURL":"https://www.gstatic.com/firebasejs/live/10.12/firebase.tgz"},"components":{"analytics":"https://www.gstatic.com/firebasejs/10.12.0/firebase-analytics.js","app":"https://www.gstatic.com/firebasejs/10.12.0/firebase-app.js","app-check":"https://www.gstatic.com/firebasejs/10.12.0/firebase-app-check.js","auth":"https://www.gstatic.com/firebasejs/10.12.0/firebase-auth.js","auth/cordova":"https://www.gstatic.com/firebasejs/10.12.0/firebase-auth/cordova.js","auth/web-extension":"https://www.gstatic.com/firebasejs/10.12.0/firebase-auth/web-extension.js","functions":"https://www.gstatic.com/firebasejs/10.12.0/firebase-functions.js","firestore":"https://www.gstatic.com/firebasejs/10.12.0/firebase-firestore.js","firestore/lite":"https://www.gstatic.com/firebasejs/10.12.0/firebase-firestore/lite.js","installations":"https://www.gstatic.com/firebasejs/10.12.0/firebase-installations.js","storage":"https://www.gstatic.com/firebasejs/10.12.0/firebase-storage.js","performance":"https://www.gstatic.com/firebasejs/10.12.0/firebase-performance.js","remote-config":"https://www.gstatic.com/firebasejs/10.12.0/firebase-remote-config.js","messaging":"https://www.gstatic.com/firebasejs/10.12.0/firebase-messaging.js","messaging/sw":"https://www.gstatic.com/firebasejs/10.12.0/firebase-messaging/sw.js","database":"https://www.gstatic.com/firebasejs/10.12.0/firebase-database.js","vertexai-preview":"https://www.gstatic.com/firebasejs/10.12.0/firebase-vertexai-preview.js","firestore.memory":"https://www.gstatic.com/firebasejs/10.12.0/firebase-firestore.memory.js"}}
[info] ✔  Wrote public/index.html 
[info] 
[info] i  Detected a .git folder at /Users/joao/Documents/workspace/web/superchat 
[info] i  Authorizing with GitHub to upload your service account to a GitHub repository's secrets store. 
[info] 
[info] Visit this URL on this device to log in:
[info] https://github.com/login/oauth/authorize?client_id=89cf50f02ac6aaed3484&state=987365476&redirect_uri=http%3A%2F%2Flocalhost%3A9005&scope=read%3Auser%20repo%20public_repo
[info] 
[info] Waiting for authentication...
[debug] [2024-05-14T17:45:01.901Z] >>> [apiv2][query] POST https://github.com/login/oauth/access_token [none]
[debug] [2024-05-14T17:45:01.901Z] >>> [apiv2][body] POST https://github.com/login/oauth/access_token [stream]
[debug] [2024-05-14T17:45:02.413Z] <<< [apiv2][status] POST https://github.com/login/oauth/access_token 200
[debug] [2024-05-14T17:45:02.413Z] <<< [apiv2][body] POST https://github.com/login/oauth/access_token {"access_token":"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","token_type":"bearer","scope":"read:user,repo"}
[debug] [2024-05-14T17:45:02.424Z] >>> [apiv2][query] GET https://api.github.com/user [none]
[debug] [2024-05-14T17:45:02.966Z] <<< [apiv2][status] GET https://api.github.com/user 200
[debug] [2024-05-14T17:45:02.966Z] <<< [apiv2][body] GET https://api.github.com/user {"login":"joaolfr","id":48529382,"node_id":"MDQ6VXNlcjQ4NTI5Mzgy","avatar_url":"https://avatars.githubusercontent.com/u/48529382?v=4","gravatar_id":"","url":"https://api.github.com/users/joaolfr","html_url":"https://github.com/joaolfr","followers_url":"https://api.github.com/users/joaolfr/followers","following_url":"https://api.github.com/users/joaolfr/following{/other_user}","gists_url":"https://api.github.com/users/joaolfr/gists{/gist_id}","starred_url":"https://api.github.com/users/joaolfr/starred{/owner}{/repo}","subscriptions_url":"https://api.github.com/users/joaolfr/subscriptions","organizations_url":"https://api.github.com/users/joaolfr/orgs","repos_url":"https://api.github.com/users/joaolfr/repos","events_url":"https://api.github.com/users/joaolfr/events{/privacy}","received_events_url":"https://api.github.com/users/joaolfr/received_events","type":"User","site_admin":false,"name":"João Luiz","company":"Hinge Health","blog":"soon...","location":"Fortaleza","email":"joaoluizfreitasrodrigues@gmail.com","hireable":true,"bio":"Man, I just like to code, thats fun for me. Always studying and improving my developer skills to work smarter and do more with my time :)","twitter_username":null,"public_repos":27,"public_gists":0,"followers":7,"following":3,"created_at":"2019-03-13T18:00:57Z","updated_at":"2024-04-15T23:28:53Z","private_gists":0,"total_private_repos":1,"owned_private_repos":1,"disk_usage":164762,"collaborators":1,"two_factor_authentication":true,"plan":{"name":"free","space":976562499,"collaborators":0,"private_repos":10000}}
[info] 
[info] ✔  Success! Logged into GitHub as joaolfr 
[info] 
[debug] [2024-05-14T17:45:20.332Z] >>> [apiv2][query] GET https://api.github.com/repos//actions/secrets/public-key type=owner
[debug] [2024-05-14T17:45:20.774Z] <<< [apiv2][status] GET https://api.github.com/repos//actions/secrets/public-key 404
[debug] [2024-05-14T17:45:20.775Z] <<< [apiv2][body] GET https://api.github.com/repos//actions/secrets/public-key {"message":"Not Found","documentation_url":"https://docs.github.com/rest"}
[info] 
[info] 
[error] ⚠  The provided authorization cannot be used with this repository. If this repository is in an organization, did you remember to grant access? 
[info] 
[info] i  Action required: Visit this URL to ensure access has been granted to the appropriate organization(s) for the Firebase CLI GitHub OAuth App: 
[info] https://github.com/settings/connections/applications/89cf50f02ac6aaed3484
[info] 
[debug] [2024-05-14T17:45:23.355Z] >>> [apiv2][query] GET https://api.github.com/repos//actions/secrets/public-key type=owner
[debug] [2024-05-14T17:45:23.644Z] <<< [apiv2][status] GET https://api.github.com/repos//actions/secrets/public-key 404
[debug] [2024-05-14T17:45:23.645Z] <<< [apiv2][body] GET https://api.github.com/repos//actions/secrets/public-key {"message":"Not Found","documentation_url":"https://docs.github.com/rest"}
[info] 
[info] 
[error] ⚠  The provided authorization cannot be used with this repository. If this repository is in an organization, did you remember to grant access? 
[info] 
[info] i  Action required: Visit this URL to ensure access has been granted to the appropriate organization(s) for the Firebase CLI GitHub OAuth App: 
[info] https://github.com/settings/connections/applications/89cf50f02ac6aaed3484
[info] 
